This is pdfTeX, Version 3.141592653-2.6-1.40.22 (TeX Live 2022/dev/Debian) (preloaded format=pdflatex 2024.4.1)  12 APR 2024 03:10
entering extended mode
 restricted \write18 enabled.
 %&-line parsing enabled.
**main.tex
(./main.tex
LaTeX2e <2021-11-15> patch level 1
L3 programming layer <2022-01-21>
(/usr/share/texlive/texmf-dist/tex/latex/base/article.cls
Document Class: article 2021/10/04 v1.4n Standard LaTeX document class
(/usr/share/texlive/texmf-dist/tex/latex/base/size10.clo
File: size10.clo 2021/10/04 v1.4n Standard LaTeX file (size option)
)
\c@part=\count185
\c@section=\count186
\c@subsection=\count187
\c@subsubsection=\count188
\c@paragraph=\count189
\c@subparagraph=\count190
\c@figure=\count191
\c@table=\count192
\abovecaptionskip=\skip47
\belowcaptionskip=\skip48
\bibindent=\dimen138
)
(/usr/share/texlive/texmf-dist/tex/latex/graphics/graphicx.sty
Package: graphicx 2021/09/16 v1.2d Enhanced LaTeX Graphics (DPC,SPQR)

(/usr/share/texlive/texmf-dist/tex/latex/graphics/keyval.sty
Package: keyval 2014/10/28 v1.15 key=value parser (DPC)
\KV@toks@=\toks16
)
(/usr/share/texlive/texmf-dist/tex/latex/graphics/graphics.sty
Package: graphics 2021/03/04 v1.4d Standard LaTeX Graphics (DPC,SPQR)

(/usr/share/texlive/texmf-dist/tex/latex/graphics/trig.sty
Package: trig 2021/08/11 v1.11 sin cos tan (DPC)
)
(/usr/share/texlive/texmf-dist/tex/latex/graphics-cfg/graphics.cfg
File: graphics.cfg 2016/06/04 v1.11 sample graphics configuration
)
Package graphics Info: Driver file: pdftex.def on input line 107.

(/usr/share/texlive/texmf-dist/tex/latex/graphics-def/pdftex.def
File: pdftex.def 2020/10/05 v1.2a Graphics/color driver for pdftex
))
\Gin@req@height=\dimen139
\Gin@req@width=\dimen140
)
(/usr/share/texlive/texmf-dist/tex/latex/amsmath/amsmath.sty
Package: amsmath 2021/10/15 v2.17l AMS math features
\@mathmargin=\skip49

For additional information on amsmath, use the `?' option.
(/usr/share/texlive/texmf-dist/tex/latex/amsmath/amstext.sty
Package: amstext 2021/08/26 v2.01 AMS text

(/usr/share/texlive/texmf-dist/tex/latex/amsmath/amsgen.sty
File: amsgen.sty 1999/11/30 v2.0 generic functions
\@emptytoks=\toks17
\ex@=\dimen141
))
(/usr/share/texlive/texmf-dist/tex/latex/amsmath/amsbsy.sty
Package: amsbsy 1999/11/29 v1.2d Bold Symbols
\pmbraise@=\dimen142
)
(/usr/share/texlive/texmf-dist/tex/latex/amsmath/amsopn.sty
Package: amsopn 2021/08/26 v2.02 operator names
)
\inf@bad=\count193
LaTeX Info: Redefining \frac on input line 234.
\uproot@=\count194
\leftroot@=\count195
LaTeX Info: Redefining \overline on input line 399.
\classnum@=\count196
\DOTSCASE@=\count197
LaTeX Info: Redefining \ldots on input line 496.
LaTeX Info: Redefining \dots on input line 499.
LaTeX Info: Redefining \cdots on input line 620.
\Mathstrutbox@=\box50
\strutbox@=\box51
\big@size=\dimen143
LaTeX Font Info:    Redeclaring font encoding OML on input line 743.
LaTeX Font Info:    Redeclaring font encoding OMS on input line 744.
\macc@depth=\count198
\c@MaxMatrixCols=\count199
\dotsspace@=\muskip16
\c@parentequation=\count266
\dspbrk@lvl=\count267
\tag@help=\toks18
\row@=\count268
\column@=\count269
\maxfields@=\count270
\andhelp@=\toks19
\eqnshift@=\dimen144
\alignsep@=\dimen145
\tagshift@=\dimen146
\tagwidth@=\dimen147
\totwidth@=\dimen148
\lineht@=\dimen149
\@envbody=\toks20
\multlinegap=\skip50
\multlinetaggap=\skip51
\mathdisplay@stack=\toks21
LaTeX Info: Redefining \[ on input line 2938.
LaTeX Info: Redefining \] on input line 2939.
)
(/usr/share/texlive/texmf-dist/tex/latex/listings/listings.sty
\lst@mode=\count271
\lst@gtempboxa=\box52
\lst@token=\toks22
\lst@length=\count272
\lst@currlwidth=\dimen150
\lst@column=\count273
\lst@pos=\count274
\lst@lostspace=\dimen151
\lst@width=\dimen152
\lst@newlines=\count275
\lst@lineno=\count276
\lst@maxwidth=\dimen153

(/usr/share/texlive/texmf-dist/tex/latex/listings/lstmisc.sty
File: lstmisc.sty 2020/03/24 1.8d (Carsten Heinz)
\c@lstnumber=\count277
\lst@skipnumbers=\count278
\lst@framebox=\box53
)
(/usr/share/texlive/texmf-dist/tex/latex/listings/listings.cfg
File: listings.cfg 2020/03/24 1.8d listings configuration
))
Package: listings 2020/03/24 1.8d (Carsten Heinz)

(/usr/share/texlive/texmf-dist/tex/latex/listings/lstlang1.sty
File: lstlang1.sty 2020/03/24 1.8d listings language file
)
(/usr/share/texlive/texmf-dist/tex/latex/l3backend/l3backend-pdftex.def
File: l3backend-pdftex.def 2022-01-12 L3 backend support: PDF output (pdfTeX)
\l__color_backend_stack_int=\count279
\l__pdf_internal_box=\box54
)
(./main.aux)
\openout1 = `main.aux'.

LaTeX Font Info:    Checking defaults for OML/cmm/m/it on input line 16.
LaTeX Font Info:    ... okay on input line 16.
LaTeX Font Info:    Checking defaults for OMS/cmsy/m/n on input line 16.
LaTeX Font Info:    ... okay on input line 16.
LaTeX Font Info:    Checking defaults for OT1/cmr/m/n on input line 16.
LaTeX Font Info:    ... okay on input line 16.
LaTeX Font Info:    Checking defaults for T1/cmr/m/n on input line 16.
LaTeX Font Info:    ... okay on input line 16.
LaTeX Font Info:    Checking defaults for TS1/cmr/m/n on input line 16.
LaTeX Font Info:    ... okay on input line 16.
LaTeX Font Info:    Checking defaults for OMX/cmex/m/n on input line 16.
LaTeX Font Info:    ... okay on input line 16.
LaTeX Font Info:    Checking defaults for U/cmr/m/n on input line 16.
LaTeX Font Info:    ... okay on input line 16.
 (/usr/share/texlive/texmf-dist/tex/context/base/mkii/supp-pdf.mkii
[Loading MPS to PDF converter (version 2006.09.02).]
\scratchcounter=\count280
\scratchdimen=\dimen154
\scratchbox=\box55
\nofMPsegments=\count281
\nofMParguments=\count282
\everyMPshowfont=\toks23
\MPscratchCnt=\count283
\MPscratchDim=\dimen155
\MPnumerator=\count284
\makeMPintoPDFobject=\count285
\everyMPtoPDFconversion=\toks24
) (/usr/share/texlive/texmf-dist/tex/latex/epstopdf-pkg/epstopdf-base.sty
Package: epstopdf-base 2020-01-24 v2.11 Base part for package epstopdf
Package epstopdf-base Info: Redefining graphics rule for `.eps' on input line 4
85.

(/usr/share/texlive/texmf-dist/tex/latex/latexconfig/epstopdf-sys.cfg
File: epstopdf-sys.cfg 2010/07/13 v1.3 Configuration of (r)epstopdf for TeX Liv
e
))
\c@lstlisting=\count286

[1

{/var/lib/texmf/fonts/map/pdftex/updmap/pdftex.map}] (./tables/table1.tex)
[2] [3]
<figs/low_pass.png, id=25, 462.528pt x 346.896pt>
File: figs/low_pass.png Graphic file (type png)
<use figs/low_pass.png>
Package pdftex.def Info: figs/low_pass.png  used on input line 160.
(pdftex.def)             Requested size: 345.0pt x 258.76335pt.


LaTeX Warning: `!h' float specifier changed to `!ht'.

[4] (./tables/table2.tex)

LaTeX Warning: `!h' float specifier changed to `!ht'.

(./tables/table3.tex)

LaTeX Warning: `!h' float specifier changed to `!ht'.

<figs/pole_zero.png, id=31, 578.16pt x 433.62pt>
File: figs/pole_zero.png Graphic file (type png)
<use figs/pole_zero.png>
Package pdftex.def Info: figs/pole_zero.png  used on input line 195.
(pdftex.def)             Requested size: 345.0pt x 258.74484pt.

LaTeX Warning: `!h' float specifier changed to `!ht'.

[5 <./figs/low_pass.png>]

LaTeX Warning: Text page 6 contains only floats.

[6 <./figs/pole_zero.png>]
<figs/verification.png, id=40, 462.528pt x 346.896pt>
File: figs/verification.png Graphic file (type png)
<use figs/verification.png>
Package pdftex.def Info: figs/verification.png  used on input line 217.
(pdftex.def)             Requested size: 345.0pt x 258.76335pt.
 [7 <./figs/verification.png>]
Overfull \hbox (50.17476pt too wide) detected at line 238
[]\OML/cmm/m/it/5 H[]\OT1/cmr/m/n/5 (\OML/cmm/m/it/5 s\OT1/cmr/m/n/5 ) = []
 []

<figs/Hbp.png, id=46, 462.528pt x 346.896pt>
File: figs/Hbp.png Graphic file (type png)
<use figs/Hbp.png>
Package pdftex.def Info: figs/Hbp.png  used on input line 249.
(pdftex.def)             Requested size: 345.0pt x 258.76335pt.

LaTeX Warning: `!h' float specifier changed to `!ht'.

[8]
<figs/H_dbp.png, id=51, 462.528pt x 346.896pt>
File: figs/H_dbp.png Graphic file (type png)
<use figs/H_dbp.png>
Package pdftex.def Info: figs/H_dbp.png  used on input line 288.
(pdftex.def)             Requested size: 345.0pt x 258.76335pt.


LaTeX Warning: `!h' float specifier changed to `!ht'.

[9 <./figs/Hbp.png>] [10 <./figs/H_dbp.png>]
<figs/fir_hlp.png, id=60, 462.528pt x 346.896pt>
File: figs/fir_hlp.png Graphic file (type png)
<use figs/fir_hlp.png>
Package pdftex.def Info: figs/fir_hlp.png  used on input line 364.
(pdftex.def)             Requested size: 345.0pt x 258.76335pt.


LaTeX Warning: `!h' float specifier changed to `!ht'.

<figs/firHLP.png, id=61, 462.528pt x 346.896pt>
File: figs/firHLP.png Graphic file (type png)
<use figs/firHLP.png>
Package pdftex.def Info: figs/firHLP.png  used on input line 377.
(pdftex.def)             Requested size: 345.0pt x 258.76335pt.

LaTeX Warning: `!h' float specifier changed to `!ht'.

[11]
<figs/fir_hbp.png, id=65, 462.528pt x 346.896pt>
File: figs/fir_hbp.png Graphic file (type png)
<use figs/fir_hbp.png>
Package pdftex.def Info: figs/fir_hbp.png  used on input line 399.
(pdftex.def)             Requested size: 345.0pt x 258.76335pt.


LaTeX Warning: `!h' float specifier changed to `!ht'.

<figs/firHbp.png, id=66, 462.528pt x 346.896pt>
File: figs/firHbp.png Graphic file (type png)
<use figs/firHbp.png>
Package pdftex.def Info: figs/firHbp.png  used on input line 410.
(pdftex.def)             Requested size: 345.0pt x 258.76335pt.

LaTeX Warning: `!h' float specifier changed to `!ht'.

[12 <./figs/fir_hlp.png>] [13 <./figs/firHLP.png>] [14 <./figs/fir_hbp.png>]
[15 <./figs/firHbp.png>] (./main.aux) ) 
Here is how much of TeX's memory you used:
 3873 strings out of 478287
 55359 string characters out of 5849290
 544274 words of memory out of 5000000
 22051 multiletter control sequences out of 15000+600000
 474988 words of font info for 48 fonts, out of 8000000 for 9000
 1141 hyphenation exceptions out of 8191
 55i,16n,62p,349b,1237s stack positions out of 5000i,500n,10000p,200000b,80000s
</usr/share/texlive/texmf-dist/fonts/typ
e1/public/amsfonts/cm/cmbx10.pfb></usr/share/texlive/texmf-dist/fonts/type1/pub
lic/amsfonts/cm/cmbx12.pfb></usr/share/texlive/texmf-dist/fonts/type1/public/am
sfonts/cm/cmex10.pfb></usr/share/texlive/texmf-dist/fonts/type1/public/amsfonts
/cm/cmmi10.pfb></usr/share/texlive/texmf-dist/fonts/type1/public/amsfonts/cm/cm
mi5.pfb></usr/share/texlive/texmf-dist/fonts/type1/public/amsfonts/cm/cmmi7.pfb
></usr/share/texlive/texmf-dist/fonts/type1/public/amsfonts/cm/cmr10.pfb></usr/
share/texlive/texmf-dist/fonts/type1/public/amsfonts/cm/cmr12.pfb></usr/share/t
exlive/texmf-dist/fonts/type1/public/amsfonts/cm/cmr17.pfb></usr/share/texlive/
texmf-dist/fonts/type1/public/amsfonts/cm/cmr5.pfb></usr/share/texlive/texmf-di
st/fonts/type1/public/amsfonts/cm/cmr7.pfb></usr/share/texlive/texmf-dist/fonts
/type1/public/amsfonts/cm/cmsy10.pfb></usr/share/texlive/texmf-dist/fonts/type1
/public/amsfonts/cm/cmsy5.pfb></usr/share/texlive/texmf-dist/fonts/type1/public
/amsfonts/cm/cmsy7.pfb></usr/share/texlive/texmf-dist/fonts/type1/public/amsfon
ts/cm/cmti10.pfb>
Output written on main.pdf (15 pages, 429047 bytes).
PDF statistics:
 147 PDF objects out of 1000 (max. 8388607)
 81 compressed objects within 1 object stream
 0 named destinations out of 1000 (max. 500000)
 46 words of extra memory for PDF output out of 10000 (max. 10000000)

